<?xml version="1.0" encoding="UTF-8"?>
<!-- Generated by org.testng.reporters.JUnitXMLReporter -->
<testsuite ignored="0" hostname="CSKVW" failures="0" tests="4" name="ChromeTest" time="40.08" errors="0" timestamp="2022-03-17T17:50:26 IST">
  <testcase classname="TestCases.T001_VerfiyLoginPage" name="runVerfiyLogin" time="2.963"/>
  <testcase classname="TestCases.T001_VerfiyLoginPage" name="runVerfiyLogin" time="1.243"/>
  <testcase classname="TestCases.T002_CreateLead" name="runVerfiyLogin" time="8.956"/>
  <testcase classname="TestCases.T002_CreateLead" name="runVerfiyLogin" time="7.485"/>
</testsuite> <!-- ChromeTest -->
