<?xml version="1.0" encoding="UTF-8"?>
<!-- Generated by org.testng.reporters.JUnitXMLReporter -->
<testsuite ignored="0" hostname="CSKVW" failures="0" tests="4" name="EdgeTest" time="45.078" errors="0" timestamp="2022-03-17T17:50:31 IST">
  <testcase classname="TestCases.T001_VerfiyLoginPage" name="runVerfiyLogin" time="3.05"/>
  <testcase classname="TestCases.T001_VerfiyLoginPage" name="runVerfiyLogin" time="1.315"/>
  <testcase classname="TestCases.T002_CreateLead" name="runVerfiyLogin" time="9.549"/>
  <testcase classname="TestCases.T002_CreateLead" name="runVerfiyLogin" time="7.562"/>
</testsuite> <!-- EdgeTest -->
