<?xml version="1.0" encoding="UTF-8"?>
<testng-results ignored="0" total="1" passed="1" failed="0" skipped="0">
  <reporter-output>
  </reporter-output>
  <suite started-at="2022-03-24T22:05:20 IST" name="Default suite" finished-at="2022-03-24T22:05:22 IST" duration-ms="1858">
    <groups>
    </groups>
    <test started-at="2022-03-24T22:05:20 IST" name="Default test" finished-at="2022-03-24T22:05:22 IST" duration-ms="1858">
      <class name="test_run.Highlight">
        <test-method signature="highlightElement()[pri:0, instance:test_run.Highlight@543588e6]" started-at="2022-03-24T22:05:20 IST" name="highlightElement" finished-at="2022-03-24T22:05:22 IST" duration-ms="1840" status="PASS">
          <reporter-output>
          </reporter-output>
        </test-method> <!-- highlightElement -->
      </class> <!-- test_run.Highlight -->
    </test> <!-- Default test -->
  </suite> <!-- Default suite -->
</testng-results>
